<?xml version="1.0" encoding="UTF-8"?>
<!-- Generated by org.testng.reporters.JUnitReportReporter -->
<testsuite hostname="DachepalliSanthosh" failures="0" tests="2" name="Runner.Runnerclass" time="15.153" errors="0" timestamp="2025-07-31T19:45:21 IST" skipped="0">
  <testcase classname="Runner.Runnerclass" name="runScenario" time="5.452"/>
  <system-out/>
  <testcase classname="Runner.Runnerclass" name="runScenario" time="9.701"/>
  <system-out/>
</testsuite> <!-- Runner.Runnerclass -->
